<?xml version="1.0" encoding="utf-8"?>
<TestRun id="7a943ae0-3f0b-48bc-85b2-7e5fce5f1274" name="@fv-az1371-934 2025-06-07 16:48:24" xmlns="http://microsoft.com/schemas/VisualStudio/TeamTest/2010">
  <Times creation="2025-06-07T16:48:24.0139332+00:00" queuing="2025-06-07T16:48:24.0139333+00:00" start="2025-06-07T16:47:52.4195487+00:00" finish="2025-06-07T16:49:12.7935703+00:00" />
  <TestSettings name="default" id="856573eb-98bc-48d2-8524-bc95004fa75a">
    <Deployment runDeploymentRoot="_fv-az1371-934_2025-06-07_16_48_24" />
  </TestSettings>
  <Results>
    <UnitTestResult executionId="24102184-d194-4aaa-9385-920f393bf5b8" testId="afa71b37-2b8a-6eb2-c6c4-c4810b5c43e2" testName="Conaprole.Orders.Application.IntegrationTests.Orders.GetOrdersTest.GetOrdersQuery_WithPointOfSaleFilter_Returns_Filtered_Orders" computerName="fv-az1371-934" duration="00:00:00.0010000" startTime="2025-06-07T16:48:47.7905809+00:00" endTime="2025-06-07T16:48:47.7905812+00:00" testType="13cdc9d9-ddb5-4fa4-a97d-d965ccfc6d4b" outcome="Failed" testListId="8c84fa94-04c1-424b-9868-57a2d4851a1d" relativeResultsDirectory="24102184-d194-4aaa-9385-920f393bf5b8">
      <Output>
        <ErrorInfo>
          <Message>Docker.DotNet.DockerApiException : Docker API responded with status code=InternalServerError, response={"message":"failed to create task for container: failed to create shim task: OCI runtime create failed: runc create failed: unable to start container process: error updating spec state: invalid state transition from stopped to paused: unknown"}
</Message>
          <StackTrace>   at Docker.DotNet.DockerClient.HandleIfErrorResponseAsync(HttpStatusCode statusCode, HttpResponseMessage response, IEnumerable`1 handlers) in /_/src/Docker.DotNet/DockerClient.cs:line 492
   at Docker.DotNet.DockerClient.MakeRequestAsync[T](IEnumerable`1 errorHandlers, HttpMethod method, String path, IQueryString queryString, IRequestContent body, IDictionary`2 headers, TimeSpan timeout, CancellationToken token) in /_/src/Docker.DotNet/DockerClient.cs:line 257
   at Docker.DotNet.ContainerOperations.StartContainerAsync(String id, ContainerStartParameters parameters, CancellationToken cancellationToken) in /_/src/Docker.DotNet/Endpoints/ContainerOperations.cs:line 207
   at DotNet.Testcontainers.Clients.TestcontainersClient.StartAsync(String id, CancellationToken ct) in /_/src/Testcontainers/Clients/TestcontainersClient.cs:line 129
   at DotNet.Testcontainers.Containers.DockerContainer.UnsafeStartAsync(CancellationToken ct) in /_/src/Testcontainers/Containers/DockerContainer.cs:line 505
   at DotNet.Testcontainers.Containers.DockerContainer.StartAsync(CancellationToken ct) in /_/src/Testcontainers/Containers/DockerContainer.cs:line 301
   at Conaprole.Ordes.Application.IntegrationTests.Infrastructure.IntegrationTestWebAppFactory.InitializeAsync() in /home/runner/work/Conaprole/Conaprole/test/Conaprole.Orders.Application.IntegrationTests/Infrastructure/IntegrationTestWebAppFactory.cs:line 74</StackTrace>
        </ErrorInfo>
      </Output>
    </UnitTestResult>
    <UnitTestResult executionId="6a3db1a3-1a5b-42df-a61f-756a3fc3f4c4" testId="3b189d6f-71ab-dc9f-cf85-cfbdca99c3b0" testName="Conaprole.Orders.Application.IntegrationTests.Distributors.GetDistributorsTest.GetDistributorsQuery_WithDistributors_Returns_AllDistributors" computerName="fv-az1371-934" duration="00:00:00.0010000" startTime="2025-06-07T16:49:12.0330984+00:00" endTime="2025-06-07T16:49:12.0330989+00:00" testType="13cdc9d9-ddb5-4fa4-a97d-d965ccfc6d4b" outcome="Failed" testListId="8c84fa94-04c1-424b-9868-57a2d4851a1d" relativeResultsDirectory="6a3db1a3-1a5b-42df-a61f-756a3fc3f4c4">
      <Output>
        <ErrorInfo>
          <Message>Docker.DotNet.DockerApiException : Docker API responded with status code=InternalServerError, response={"message":"failed to create task for container: failed to create shim task: OCI runtime create failed: runc create failed: unable to start container process: error updating spec state: invalid state transition from stopped to paused: unknown"}
</Message>
          <StackTrace>   at Docker.DotNet.DockerClient.HandleIfErrorResponseAsync(HttpStatusCode statusCode, HttpResponseMessage response, IEnumerable`1 handlers) in /_/src/Docker.DotNet/DockerClient.cs:line 492
   at Docker.DotNet.DockerClient.MakeRequestAsync[T](IEnumerable`1 errorHandlers, HttpMethod method, String path, IQueryString queryString, IRequestContent body, IDictionary`2 headers, TimeSpan timeout, CancellationToken token) in /_/src/Docker.DotNet/DockerClient.cs:line 257
   at Docker.DotNet.ContainerOperations.StartContainerAsync(String id, ContainerStartParameters parameters, CancellationToken cancellationToken) in /_/src/Docker.DotNet/Endpoints/ContainerOperations.cs:line 207
   at DotNet.Testcontainers.Clients.TestcontainersClient.StartAsync(String id, CancellationToken ct) in /_/src/Testcontainers/Clients/TestcontainersClient.cs:line 129
   at DotNet.Testcontainers.Containers.DockerContainer.UnsafeStartAsync(CancellationToken ct) in /_/src/Testcontainers/Containers/DockerContainer.cs:line 505
   at DotNet.Testcontainers.Containers.DockerContainer.StartAsync(CancellationToken ct) in /_/src/Testcontainers/Containers/DockerContainer.cs:line 301
   at Conaprole.Ordes.Application.IntegrationTests.Infrastructure.IntegrationTestWebAppFactory.InitializeAsync() in /home/runner/work/Conaprole/Conaprole/test/Conaprole.Orders.Application.IntegrationTests/Infrastructure/IntegrationTestWebAppFactory.cs:line 74</StackTrace>
        </ErrorInfo>
      </Output>
    </UnitTestResult>
    <UnitTestResult executionId="b61bed1f-f33a-4d80-8a88-9209e854e1f2" testId="782a24bf-55c7-c04a-2c73-478ccd69df4b" testName="Conaprole.Orders.Application.IntegrationTests.Products.GetProductsTest.GetProductsQuery_Returns_Seeded_Product" computerName="fv-az1371-934" duration="00:00:00.0010000" startTime="2025-06-07T16:48:22.4970303+00:00" endTime="2025-06-07T16:48:22.4970714+00:00" testType="13cdc9d9-ddb5-4fa4-a97d-d965ccfc6d4b" outcome="Failed" testListId="8c84fa94-04c1-424b-9868-57a2d4851a1d" relativeResultsDirectory="b61bed1f-f33a-4d80-8a88-9209e854e1f2">
      <Output>
        <ErrorInfo>
          <Message>Docker.DotNet.DockerApiException : Docker API responded with status code=InternalServerError, response={"message":"failed to create task for container: failed to create shim task: OCI runtime create failed: runc create failed: unable to start container process: error updating spec state: invalid state transition from stopped to paused: unknown"}
</Message>
          <StackTrace>   at Docker.DotNet.DockerClient.HandleIfErrorResponseAsync(HttpStatusCode statusCode, HttpResponseMessage response, IEnumerable`1 handlers) in /_/src/Docker.DotNet/DockerClient.cs:line 492
   at Docker.DotNet.DockerClient.MakeRequestAsync[T](IEnumerable`1 errorHandlers, HttpMethod method, String path, IQueryString queryString, IRequestContent body, IDictionary`2 headers, TimeSpan timeout, CancellationToken token) in /_/src/Docker.DotNet/DockerClient.cs:line 257
   at Docker.DotNet.ContainerOperations.StartContainerAsync(String id, ContainerStartParameters parameters, CancellationToken cancellationToken) in /_/src/Docker.DotNet/Endpoints/ContainerOperations.cs:line 207
   at DotNet.Testcontainers.Clients.TestcontainersClient.StartAsync(String id, CancellationToken ct) in /_/src/Testcontainers/Clients/TestcontainersClient.cs:line 129
   at DotNet.Testcontainers.Containers.DockerContainer.UnsafeStartAsync(CancellationToken ct) in /_/src/Testcontainers/Containers/DockerContainer.cs:line 505
   at DotNet.Testcontainers.Containers.DockerContainer.StartAsync(CancellationToken ct) in /_/src/Testcontainers/Containers/DockerContainer.cs:line 301
   at Conaprole.Ordes.Application.IntegrationTests.Infrastructure.IntegrationTestWebAppFactory.InitializeAsync() in /home/runner/work/Conaprole/Conaprole/test/Conaprole.Orders.Application.IntegrationTests/Infrastructure/IntegrationTestWebAppFactory.cs:line 74</StackTrace>
        </ErrorInfo>
      </Output>
    </UnitTestResult>
    <UnitTestResult executionId="8040095e-9859-4b6d-ab77-3f95bccf1019" testId="c3ece4ee-5faa-ed2d-bb3d-709972c58d37" testName="Conaprole.Orders.Application.IntegrationTests.Orders.GetOrdersTest.GetOrdersQuery_Returns_Seeded_Order" computerName="fv-az1371-934" duration="00:00:00.0010000" startTime="2025-06-07T16:48:47.7918546+00:00" endTime="2025-06-07T16:48:47.7918547+00:00" testType="13cdc9d9-ddb5-4fa4-a97d-d965ccfc6d4b" outcome="Failed" testListId="8c84fa94-04c1-424b-9868-57a2d4851a1d" relativeResultsDirectory="8040095e-9859-4b6d-ab77-3f95bccf1019">
      <Output>
        <ErrorInfo>
          <Message>Docker.DotNet.DockerApiException : Docker API responded with status code=InternalServerError, response={"message":"failed to create task for container: failed to create shim task: OCI runtime create failed: runc create failed: unable to start container process: error updating spec state: invalid state transition from stopped to paused: unknown"}
</Message>
          <StackTrace>   at Docker.DotNet.DockerClient.HandleIfErrorResponseAsync(HttpStatusCode statusCode, HttpResponseMessage response, IEnumerable`1 handlers) in /_/src/Docker.DotNet/DockerClient.cs:line 492
   at Docker.DotNet.DockerClient.MakeRequestAsync[T](IEnumerable`1 errorHandlers, HttpMethod method, String path, IQueryString queryString, IRequestContent body, IDictionary`2 headers, TimeSpan timeout, CancellationToken token) in /_/src/Docker.DotNet/DockerClient.cs:line 257
   at Docker.DotNet.ContainerOperations.StartContainerAsync(String id, ContainerStartParameters parameters, CancellationToken cancellationToken) in /_/src/Docker.DotNet/Endpoints/ContainerOperations.cs:line 207
   at DotNet.Testcontainers.Clients.TestcontainersClient.StartAsync(String id, CancellationToken ct) in /_/src/Testcontainers/Clients/TestcontainersClient.cs:line 129
   at DotNet.Testcontainers.Containers.DockerContainer.UnsafeStartAsync(CancellationToken ct) in /_/src/Testcontainers/Containers/DockerContainer.cs:line 505
   at DotNet.Testcontainers.Containers.DockerContainer.StartAsync(CancellationToken ct) in /_/src/Testcontainers/Containers/DockerContainer.cs:line 301
   at Conaprole.Ordes.Application.IntegrationTests.Infrastructure.IntegrationTestWebAppFactory.InitializeAsync() in /home/runner/work/Conaprole/Conaprole/test/Conaprole.Orders.Application.IntegrationTests/Infrastructure/IntegrationTestWebAppFactory.cs:line 74</StackTrace>
        </ErrorInfo>
      </Output>
    </UnitTestResult>
    <UnitTestResult executionId="162777ba-2b16-462f-b21d-39e3692d225f" testId="36c8c967-5d02-07a7-dd3b-d35c55852c74" testName="Conaprole.Orders.Application.IntegrationTests.Distributors.GetDistributorsTest.GetDistributorsQuery_WithNoDistributors_Returns_EmptyList" computerName="fv-az1371-934" duration="00:00:00.0010000" startTime="2025-06-07T16:49:12.0335804+00:00" endTime="2025-06-07T16:49:12.0335805+00:00" testType="13cdc9d9-ddb5-4fa4-a97d-d965ccfc6d4b" outcome="Failed" testListId="8c84fa94-04c1-424b-9868-57a2d4851a1d" relativeResultsDirectory="162777ba-2b16-462f-b21d-39e3692d225f">
      <Output>
        <ErrorInfo>
          <Message>Docker.DotNet.DockerApiException : Docker API responded with status code=InternalServerError, response={"message":"failed to create task for container: failed to create shim task: OCI runtime create failed: runc create failed: unable to start container process: error updating spec state: invalid state transition from stopped to paused: unknown"}
</Message>
          <StackTrace>   at Docker.DotNet.DockerClient.HandleIfErrorResponseAsync(HttpStatusCode statusCode, HttpResponseMessage response, IEnumerable`1 handlers) in /_/src/Docker.DotNet/DockerClient.cs:line 492
   at Docker.DotNet.DockerClient.MakeRequestAsync[T](IEnumerable`1 errorHandlers, HttpMethod method, String path, IQueryString queryString, IRequestContent body, IDictionary`2 headers, TimeSpan timeout, CancellationToken token) in /_/src/Docker.DotNet/DockerClient.cs:line 257
   at Docker.DotNet.ContainerOperations.StartContainerAsync(String id, ContainerStartParameters parameters, CancellationToken cancellationToken) in /_/src/Docker.DotNet/Endpoints/ContainerOperations.cs:line 207
   at DotNet.Testcontainers.Clients.TestcontainersClient.StartAsync(String id, CancellationToken ct) in /_/src/Testcontainers/Clients/TestcontainersClient.cs:line 129
   at DotNet.Testcontainers.Containers.DockerContainer.UnsafeStartAsync(CancellationToken ct) in /_/src/Testcontainers/Containers/DockerContainer.cs:line 505
   at DotNet.Testcontainers.Containers.DockerContainer.StartAsync(CancellationToken ct) in /_/src/Testcontainers/Containers/DockerContainer.cs:line 301
   at Conaprole.Ordes.Application.IntegrationTests.Infrastructure.IntegrationTestWebAppFactory.InitializeAsync() in /home/runner/work/Conaprole/Conaprole/test/Conaprole.Orders.Application.IntegrationTests/Infrastructure/IntegrationTestWebAppFactory.cs:line 74</StackTrace>
        </ErrorInfo>
      </Output>
    </UnitTestResult>
  </Results>
  <TestDefinitions>
    <UnitTest name="Conaprole.Orders.Application.IntegrationTests.Products.GetProductsTest.GetProductsQuery_Returns_Seeded_Product" storage="/home/runner/work/conaprole/conaprole/test/conaprole.orders.application.integrationtests/bin/debug/net8.0/conaprole.orders.application.integrationtests.dll" id="782a24bf-55c7-c04a-2c73-478ccd69df4b">
      <Execution id="b61bed1f-f33a-4d80-8a88-9209e854e1f2" />
      <TestMethod codeBase="/home/runner/work/Conaprole/Conaprole/test/Conaprole.Orders.Application.IntegrationTests/bin/Debug/net8.0/Conaprole.Orders.Application.IntegrationTests.dll" adapterTypeName="executor://xunit/VsTestRunner2/netcoreapp" className="Conaprole.Orders.Application.IntegrationTests.Products.GetProductsTest" name="GetProductsQuery_Returns_Seeded_Product" />
    </UnitTest>
    <UnitTest name="Conaprole.Orders.Application.IntegrationTests.Orders.GetOrdersTest.GetOrdersQuery_Returns_Seeded_Order" storage="/home/runner/work/conaprole/conaprole/test/conaprole.orders.application.integrationtests/bin/debug/net8.0/conaprole.orders.application.integrationtests.dll" id="c3ece4ee-5faa-ed2d-bb3d-709972c58d37">
      <Execution id="8040095e-9859-4b6d-ab77-3f95bccf1019" />
      <TestMethod codeBase="/home/runner/work/Conaprole/Conaprole/test/Conaprole.Orders.Application.IntegrationTests/bin/Debug/net8.0/Conaprole.Orders.Application.IntegrationTests.dll" adapterTypeName="executor://xunit/VsTestRunner2/netcoreapp" className="Conaprole.Orders.Application.IntegrationTests.Orders.GetOrdersTest" name="GetOrdersQuery_Returns_Seeded_Order" />
    </UnitTest>
    <UnitTest name="Conaprole.Orders.Application.IntegrationTests.Orders.GetOrdersTest.GetOrdersQuery_WithPointOfSaleFilter_Returns_Filtered_Orders" storage="/home/runner/work/conaprole/conaprole/test/conaprole.orders.application.integrationtests/bin/debug/net8.0/conaprole.orders.application.integrationtests.dll" id="afa71b37-2b8a-6eb2-c6c4-c4810b5c43e2">
      <Execution id="24102184-d194-4aaa-9385-920f393bf5b8" />
      <TestMethod codeBase="/home/runner/work/Conaprole/Conaprole/test/Conaprole.Orders.Application.IntegrationTests/bin/Debug/net8.0/Conaprole.Orders.Application.IntegrationTests.dll" adapterTypeName="executor://xunit/VsTestRunner2/netcoreapp" className="Conaprole.Orders.Application.IntegrationTests.Orders.GetOrdersTest" name="GetOrdersQuery_WithPointOfSaleFilter_Returns_Filtered_Orders" />
    </UnitTest>
    <UnitTest name="Conaprole.Orders.Application.IntegrationTests.Distributors.GetDistributorsTest.GetDistributorsQuery_WithNoDistributors_Returns_EmptyList" storage="/home/runner/work/conaprole/conaprole/test/conaprole.orders.application.integrationtests/bin/debug/net8.0/conaprole.orders.application.integrationtests.dll" id="36c8c967-5d02-07a7-dd3b-d35c55852c74">
      <Execution id="162777ba-2b16-462f-b21d-39e3692d225f" />
      <TestMethod codeBase="/home/runner/work/Conaprole/Conaprole/test/Conaprole.Orders.Application.IntegrationTests/bin/Debug/net8.0/Conaprole.Orders.Application.IntegrationTests.dll" adapterTypeName="executor://xunit/VsTestRunner2/netcoreapp" className="Conaprole.Orders.Application.IntegrationTests.Distributors.GetDistributorsTest" name="GetDistributorsQuery_WithNoDistributors_Returns_EmptyList" />
    </UnitTest>
    <UnitTest name="Conaprole.Orders.Application.IntegrationTests.Distributors.GetDistributorsTest.GetDistributorsQuery_WithDistributors_Returns_AllDistributors" storage="/home/runner/work/conaprole/conaprole/test/conaprole.orders.application.integrationtests/bin/debug/net8.0/conaprole.orders.application.integrationtests.dll" id="3b189d6f-71ab-dc9f-cf85-cfbdca99c3b0">
      <Execution id="6a3db1a3-1a5b-42df-a61f-756a3fc3f4c4" />
      <TestMethod codeBase="/home/runner/work/Conaprole/Conaprole/test/Conaprole.Orders.Application.IntegrationTests/bin/Debug/net8.0/Conaprole.Orders.Application.IntegrationTests.dll" adapterTypeName="executor://xunit/VsTestRunner2/netcoreapp" className="Conaprole.Orders.Application.IntegrationTests.Distributors.GetDistributorsTest" name="GetDistributorsQuery_WithDistributors_Returns_AllDistributors" />
    </UnitTest>
  </TestDefinitions>
  <TestEntries>
    <TestEntry testId="afa71b37-2b8a-6eb2-c6c4-c4810b5c43e2" executionId="24102184-d194-4aaa-9385-920f393bf5b8" testListId="8c84fa94-04c1-424b-9868-57a2d4851a1d" />
    <TestEntry testId="3b189d6f-71ab-dc9f-cf85-cfbdca99c3b0" executionId="6a3db1a3-1a5b-42df-a61f-756a3fc3f4c4" testListId="8c84fa94-04c1-424b-9868-57a2d4851a1d" />
    <TestEntry testId="782a24bf-55c7-c04a-2c73-478ccd69df4b" executionId="b61bed1f-f33a-4d80-8a88-9209e854e1f2" testListId="8c84fa94-04c1-424b-9868-57a2d4851a1d" />
    <TestEntry testId="c3ece4ee-5faa-ed2d-bb3d-709972c58d37" executionId="8040095e-9859-4b6d-ab77-3f95bccf1019" testListId="8c84fa94-04c1-424b-9868-57a2d4851a1d" />
    <TestEntry testId="36c8c967-5d02-07a7-dd3b-d35c55852c74" executionId="162777ba-2b16-462f-b21d-39e3692d225f" testListId="8c84fa94-04c1-424b-9868-57a2d4851a1d" />
  </TestEntries>
  <TestLists>
    <TestList name="Results Not in a List" id="8c84fa94-04c1-424b-9868-57a2d4851a1d" />
    <TestList name="All Loaded Results" id="19431567-8539-422a-85d7-44ee4e166bda" />
  </TestLists>
  <ResultSummary outcome="Failed">
    <Counters total="5" executed="5" passed="0" failed="5" error="0" timeout="0" aborted="0" inconclusive="0" passedButRunAborted="0" notRunnable="0" notExecuted="0" disconnected="0" warning="0" completed="0" inProgress="0" pending="0" />
    <Output>
      <StdOut>[xUnit.net 00:00:00.00] xUnit.net VSTest Adapter v2.5.3.1+6b60a9e56a (64-bit .NET 8.0.16)
[xUnit.net 00:00:00.12]   Discovering: Conaprole.Orders.Application.IntegrationTests
[xUnit.net 00:00:00.17]   Discovered:  Conaprole.Orders.Application.IntegrationTests
[xUnit.net 00:00:00.18]   Starting:    Conaprole.Orders.Application.IntegrationTests
[xUnit.net 00:00:29.36]       Docker.DotNet.DockerApiException : Docker API responded with status code=InternalServerError, response={"message":"failed to create task for container: failed to create shim task: OCI runtime create failed: runc create failed: unable to start container process: error updating spec state: invalid state transition from stopped to paused: unknown"}
[xUnit.net 00:00:29.36]       
[xUnit.net 00:00:29.36]       Stack Trace:
[xUnit.net 00:00:29.36]         /_/src/Docker.DotNet/DockerClient.cs(492,0): at Docker.DotNet.DockerClient.HandleIfErrorResponseAsync(HttpStatusCode statusCode, HttpResponseMessage response, IEnumerable`1 handlers)
[xUnit.net 00:00:29.36]         /_/src/Docker.DotNet/DockerClient.cs(257,0): at Docker.DotNet.DockerClient.MakeRequestAsync[T](IEnumerable`1 errorHandlers, HttpMethod method, String path, IQueryString queryString, IRequestContent body, IDictionary`2 headers, TimeSpan timeout, CancellationToken token)
[xUnit.net 00:00:29.36]         /_/src/Docker.DotNet/Endpoints/ContainerOperations.cs(207,0): at Docker.DotNet.ContainerOperations.StartContainerAsync(String id, ContainerStartParameters parameters, CancellationToken cancellationToken)
[xUnit.net 00:00:29.36]         /_/src/Testcontainers/Clients/TestcontainersClient.cs(129,0): at DotNet.Testcontainers.Clients.TestcontainersClient.StartAsync(String id, CancellationToken ct)
[xUnit.net 00:00:29.36]         /_/src/Testcontainers/Containers/DockerContainer.cs(505,0): at DotNet.Testcontainers.Containers.DockerContainer.UnsafeStartAsync(CancellationToken ct)
[xUnit.net 00:00:29.36]         /_/src/Testcontainers/Containers/DockerContainer.cs(301,0): at DotNet.Testcontainers.Containers.DockerContainer.StartAsync(CancellationToken ct)
[xUnit.net 00:00:29.36]         /home/runner/work/Conaprole/Conaprole/test/Conaprole.Orders.Application.IntegrationTests/Infrastructure/IntegrationTestWebAppFactory.cs(74,0): at Conaprole.Ordes.Application.IntegrationTests.Infrastructure.IntegrationTestWebAppFactory.InitializeAsync()
[xUnit.net 00:00:54.66]       Docker.DotNet.DockerApiException : Docker API responded with status code=InternalServerError, response={"message":"failed to create task for container: failed to create shim task: OCI runtime create failed: runc create failed: unable to start container process: error updating spec state: invalid state transition from stopped to paused: unknown"}
[xUnit.net 00:00:54.66]       
[xUnit.net 00:00:54.66]       Stack Trace:
[xUnit.net 00:00:54.66]         /_/src/Docker.DotNet/DockerClient.cs(492,0): at Docker.DotNet.DockerClient.HandleIfErrorResponseAsync(HttpStatusCode statusCode, HttpResponseMessage response, IEnumerable`1 handlers)
[xUnit.net 00:00:54.66]         /_/src/Docker.DotNet/DockerClient.cs(257,0): at Docker.DotNet.DockerClient.MakeRequestAsync[T](IEnumerable`1 errorHandlers, HttpMethod method, String path, IQueryString queryString, IRequestContent body, IDictionary`2 headers, TimeSpan timeout, CancellationToken token)
[xUnit.net 00:00:54.66]         /_/src/Docker.DotNet/Endpoints/ContainerOperations.cs(207,0): at Docker.DotNet.ContainerOperations.StartContainerAsync(String id, ContainerStartParameters parameters, CancellationToken cancellationToken)
[xUnit.net 00:00:54.66]         /_/src/Testcontainers/Clients/TestcontainersClient.cs(129,0): at DotNet.Testcontainers.Clients.TestcontainersClient.StartAsync(String id, CancellationToken ct)
[xUnit.net 00:00:54.66]         /_/src/Testcontainers/Containers/DockerContainer.cs(505,0): at DotNet.Testcontainers.Containers.DockerContainer.UnsafeStartAsync(CancellationToken ct)
[xUnit.net 00:00:54.66]         /_/src/Testcontainers/Containers/DockerContainer.cs(301,0): at DotNet.Testcontainers.Containers.DockerContainer.StartAsync(CancellationToken ct)
[xUnit.net 00:00:54.66]         /home/runner/work/Conaprole/Conaprole/test/Conaprole.Orders.Application.IntegrationTests/Infrastructure/IntegrationTestWebAppFactory.cs(74,0): at Conaprole.Ordes.Application.IntegrationTests.Infrastructure.IntegrationTestWebAppFactory.InitializeAsync()
[xUnit.net 00:00:54.66]       Docker.DotNet.DockerApiException : Docker API responded with status code=InternalServerError, response={"message":"failed to create task for container: failed to create shim task: OCI runtime create failed: runc create failed: unable to start container process: error updating spec state: invalid state transition from stopped to paused: unknown"}
[xUnit.net 00:00:54.66]       
[xUnit.net 00:00:54.66]       Stack Trace:
[xUnit.net 00:00:54.66]         /_/src/Docker.DotNet/DockerClient.cs(492,0): at Docker.DotNet.DockerClient.HandleIfErrorResponseAsync(HttpStatusCode statusCode, HttpResponseMessage response, IEnumerable`1 handlers)
[xUnit.net 00:00:54.66]         /_/src/Docker.DotNet/DockerClient.cs(257,0): at Docker.DotNet.DockerClient.MakeRequestAsync[T](IEnumerable`1 errorHandlers, HttpMethod method, String path, IQueryString queryString, IRequestContent body, IDictionary`2 headers, TimeSpan timeout, CancellationToken token)
[xUnit.net 00:00:54.66]         /_/src/Docker.DotNet/Endpoints/ContainerOperations.cs(207,0): at Docker.DotNet.ContainerOperations.StartContainerAsync(String id, ContainerStartParameters parameters, CancellationToken cancellationToken)
[xUnit.net 00:00:54.66]         /_/src/Testcontainers/Clients/TestcontainersClient.cs(129,0): at DotNet.Testcontainers.Clients.TestcontainersClient.StartAsync(String id, CancellationToken ct)
[xUnit.net 00:00:54.66]         /_/src/Testcontainers/Containers/DockerContainer.cs(505,0): at DotNet.Testcontainers.Containers.DockerContainer.UnsafeStartAsync(CancellationToken ct)
[xUnit.net 00:00:54.66]         /_/src/Testcontainers/Containers/DockerContainer.cs(301,0): at DotNet.Testcontainers.Containers.DockerContainer.StartAsync(CancellationToken ct)
[xUnit.net 00:00:54.66]         /home/runner/work/Conaprole/Conaprole/test/Conaprole.Orders.Application.IntegrationTests/Infrastructure/IntegrationTestWebAppFactory.cs(74,0): at Conaprole.Ordes.Application.IntegrationTests.Infrastructure.IntegrationTestWebAppFactory.InitializeAsync()
[xUnit.net 00:01:18.90]       Docker.DotNet.DockerApiException : Docker API responded with status code=InternalServerError, response={"message":"failed to create task for container: failed to create shim task: OCI runtime create failed: runc create failed: unable to start container process: error updating spec state: invalid state transition from stopped to paused: unknown"}
[xUnit.net 00:01:18.90]       
[xUnit.net 00:01:18.90]       Stack Trace:
[xUnit.net 00:01:18.90]         /_/src/Docker.DotNet/DockerClient.cs(492,0): at Docker.DotNet.DockerClient.HandleIfErrorResponseAsync(HttpStatusCode statusCode, HttpResponseMessage response, IEnumerable`1 handlers)
[xUnit.net 00:01:18.90]         /_/src/Docker.DotNet/DockerClient.cs(257,0): at Docker.DotNet.DockerClient.MakeRequestAsync[T](IEnumerable`1 errorHandlers, HttpMethod method, String path, IQueryString queryString, IRequestContent body, IDictionary`2 headers, TimeSpan timeout, CancellationToken token)
[xUnit.net 00:01:18.90]         /_/src/Docker.DotNet/Endpoints/ContainerOperations.cs(207,0): at Docker.DotNet.ContainerOperations.StartContainerAsync(String id, ContainerStartParameters parameters, CancellationToken cancellationToken)
[xUnit.net 00:01:18.90]         /_/src/Testcontainers/Clients/TestcontainersClient.cs(129,0): at DotNet.Testcontainers.Clients.TestcontainersClient.StartAsync(String id, CancellationToken ct)
[xUnit.net 00:01:18.90]         /_/src/Testcontainers/Containers/DockerContainer.cs(505,0): at DotNet.Testcontainers.Containers.DockerContainer.UnsafeStartAsync(CancellationToken ct)
[xUnit.net 00:01:18.90]         /_/src/Testcontainers/Containers/DockerContainer.cs(301,0): at DotNet.Testcontainers.Containers.DockerContainer.StartAsync(CancellationToken ct)
[xUnit.net 00:01:18.90]         /home/runner/work/Conaprole/Conaprole/test/Conaprole.Orders.Application.IntegrationTests/Infrastructure/IntegrationTestWebAppFactory.cs(74,0): at Conaprole.Ordes.Application.IntegrationTests.Infrastructure.IntegrationTestWebAppFactory.InitializeAsync()
[xUnit.net 00:01:18.90]       Docker.DotNet.DockerApiException : Docker API responded with status code=InternalServerError, response={"message":"failed to create task for container: failed to create shim task: OCI runtime create failed: runc create failed: unable to start container process: error updating spec state: invalid state transition from stopped to paused: unknown"}
[xUnit.net 00:01:18.90]       
[xUnit.net 00:01:18.90]       Stack Trace:
[xUnit.net 00:01:18.90]         /_/src/Docker.DotNet/DockerClient.cs(492,0): at Docker.DotNet.DockerClient.HandleIfErrorResponseAsync(HttpStatusCode statusCode, HttpResponseMessage response, IEnumerable`1 handlers)
[xUnit.net 00:01:18.90]         /_/src/Docker.DotNet/DockerClient.cs(257,0): at Docker.DotNet.DockerClient.MakeRequestAsync[T](IEnumerable`1 errorHandlers, HttpMethod method, String path, IQueryString queryString, IRequestContent body, IDictionary`2 headers, TimeSpan timeout, CancellationToken token)
[xUnit.net 00:01:18.90]         /_/src/Docker.DotNet/Endpoints/ContainerOperations.cs(207,0): at Docker.DotNet.ContainerOperations.StartContainerAsync(String id, ContainerStartParameters parameters, CancellationToken cancellationToken)
[xUnit.net 00:01:18.90]         /_/src/Testcontainers/Clients/TestcontainersClient.cs(129,0): at DotNet.Testcontainers.Clients.TestcontainersClient.StartAsync(String id, CancellationToken ct)
[xUnit.net 00:01:18.90]         /_/src/Testcontainers/Containers/DockerContainer.cs(505,0): at DotNet.Testcontainers.Containers.DockerContainer.UnsafeStartAsync(CancellationToken ct)
[xUnit.net 00:01:18.90]         /_/src/Testcontainers/Containers/DockerContainer.cs(301,0): at DotNet.Testcontainers.Containers.DockerContainer.StartAsync(CancellationToken ct)
[xUnit.net 00:01:18.90]         /home/runner/work/Conaprole/Conaprole/test/Conaprole.Orders.Application.IntegrationTests/Infrastructure/IntegrationTestWebAppFactory.cs(74,0): at Conaprole.Ordes.Application.IntegrationTests.Infrastructure.IntegrationTestWebAppFactory.InitializeAsync()
[xUnit.net 00:01:19.59]   Finished:    Conaprole.Orders.Application.IntegrationTests
</StdOut>
    </Output>
    <RunInfos>
      <RunInfo computerName="fv-az1371-934" outcome="Error" timestamp="2025-06-07T16:48:22.5122100+00:00">
        <Text>[xUnit.net 00:00:29.36]     Conaprole.Orders.Application.IntegrationTests.Products.GetProductsTest.GetProductsQuery_Returns_Seeded_Product [FAIL]</Text>
      </RunInfo>
      <RunInfo computerName="fv-az1371-934" outcome="Error" timestamp="2025-06-07T16:48:47.7914866+00:00">
        <Text>[xUnit.net 00:00:54.66]     Conaprole.Orders.Application.IntegrationTests.Orders.GetOrdersTest.GetOrdersQuery_WithPointOfSaleFilter_Returns_Filtered_Orders [FAIL]</Text>
      </RunInfo>
      <RunInfo computerName="fv-az1371-934" outcome="Error" timestamp="2025-06-07T16:48:47.7917645+00:00">
        <Text>[xUnit.net 00:00:54.66]     Conaprole.Orders.Application.IntegrationTests.Orders.GetOrdersTest.GetOrdersQuery_Returns_Seeded_Order [FAIL]</Text>
      </RunInfo>
      <RunInfo computerName="fv-az1371-934" outcome="Error" timestamp="2025-06-07T16:49:12.0331694+00:00">
        <Text>[xUnit.net 00:01:18.90]     Conaprole.Orders.Application.IntegrationTests.Distributors.GetDistributorsTest.GetDistributorsQuery_WithDistributors_Returns_AllDistributors [FAIL]</Text>
      </RunInfo>
      <RunInfo computerName="fv-az1371-934" outcome="Error" timestamp="2025-06-07T16:49:12.0336451+00:00">
        <Text>[xUnit.net 00:01:18.90]     Conaprole.Orders.Application.IntegrationTests.Distributors.GetDistributorsTest.GetDistributorsQuery_WithNoDistributors_Returns_EmptyList [FAIL]</Text>
      </RunInfo>
    </RunInfos>
  </ResultSummary>
</TestRun>